<?xml version="1.0" encoding="UTF-8"?>
<!-- Generated by org.testng.reporters.JUnitReportReporter -->
<testsuite hostname="DESKTOP-G5M5I8R" failures="0" tests="7" name="lesson9.myTestCases" time="2.297" errors="0" timestamp="2024-06-19T19:02:51 EET" skipped="5">
  <testcase classname="lesson9.myTestCases" name="logIn" time="2.103"/>
  <system-out/>
  <testcase classname="lesson9.myTestCases" name="addAllItemsAPriceBiggerThan15" time="0.194"/>
  <system-out/>
  <testcase classname="lesson9.myTestCases" name="addAllItemsExeptForTheNumber3">
    <skipped/>
  </testcase> <!-- addAllItemsExeptForTheNumber3 -->
  <system-out/>
  <testcase classname="lesson9.myTestCases" name="deletSomeItems">
    <skipped/>
  </testcase> <!-- deletSomeItems -->
  <system-out/>
  <testcase classname="lesson9.myTestCases" name="addsomeItems">
    <skipped/>
  </testcase> <!-- addsomeItems -->
  <system-out/>
  <testcase classname="lesson9.myTestCases" name="addAllItems">
    <skipped/>
  </testcase> <!-- addAllItems -->
  <system-out/>
  <testcase classname="lesson9.myTestCases" name="addAllItemsExeptForTheWordsLabs">
    <skipped/>
  </testcase> <!-- addAllItemsExeptForTheWordsLabs -->
  <system-out/>
</testsuite> <!-- lesson9.myTestCases -->
